[debug] [2025-10-14T05:21:38.154Z] ----------------------------------------------------------------------
[debug] [2025-10-14T05:21:38.155Z] Command:       /usr/local/bin/node /usr/local/bin/firebase projects:list
[debug] [2025-10-14T05:21:38.155Z] CLI Version:   14.6.0
[debug] [2025-10-14T05:21:38.156Z] Platform:      darwin
[debug] [2025-10-14T05:21:38.156Z] Node Version:  v22.14.0
[debug] [2025-10-14T05:21:38.156Z] Time:          Tue Oct 14 2025 10:51:38 GMT+0530 (India Standard Time)
[debug] [2025-10-14T05:21:38.156Z] ----------------------------------------------------------------------
[debug] 
[debug] [2025-10-14T05:21:38.158Z] > command requires scopes: ["email","openid","https://www.googleapis.com/auth/cloudplatformprojects.readonly","https://www.googleapis.com/auth/firebase","https://www.googleapis.com/auth/cloud-platform"]
[debug] [2025-10-14T05:21:38.158Z] > authorizing via signed-in user (suchit.jain99@gmail.com)
[debug] [2025-10-14T05:21:38.159Z] Checked if tokens are valid: false, expires at: 1760381775908
[debug] [2025-10-14T05:21:38.159Z] Checked if tokens are valid: false, expires at: 1760381775908
[debug] [2025-10-14T05:21:38.160Z] > refreshing access token with scopes: []
[debug] [2025-10-14T05:21:38.160Z] >>> [apiv2][query] POST https://www.googleapis.com/oauth2/v3/token [none]
[debug] [2025-10-14T05:21:38.160Z] >>> [apiv2][body] POST https://www.googleapis.com/oauth2/v3/token [omitted]
[debug] [2025-10-14T05:21:38.362Z] <<< [apiv2][status] POST https://www.googleapis.com/oauth2/v3/token 200
[debug] [2025-10-14T05:21:38.362Z] <<< [apiv2][body] POST https://www.googleapis.com/oauth2/v3/token [omitted]
[debug] [2025-10-14T05:21:38.378Z] >>> [apiv2][query] GET https://firebase.googleapis.com/v1beta1/projects pageSize=1000
[debug] [2025-10-14T05:21:39.044Z] <<< [apiv2][status] GET https://firebase.googleapis.com/v1beta1/projects 200
[debug] [2025-10-14T05:21:39.045Z] <<< [apiv2][body] GET https://firebase.googleapis.com/v1beta1/projects [omitted]
[info] ┌──────────────────────┬────────────┬────────────────┬──────────────────────┐
│ Project Display Name │ Project ID │ Project Number │ Resource Location ID │
├──────────────────────┼────────────┼────────────────┼──────────────────────┤
│ AlgoIRL              │ algoirl    │ 954472749471   │ [Not specified]      │
└──────────────────────┴────────────┴────────────────┴──────────────────────┘
[info] 
[info] 1 project(s) total.
